Using pre-set license
Built from '2020.2/staging' branch; Version is '2020.2.7f1 (c53830e277f1) revision 12924976'; Using compiler version '192528614'; Build Type 'Release'
OS: 'Windows 10 Home Single Language; OS build 19042.1052; Version 2009; 64bit' Language: 'en' Physical Memory: 16211 MB
BatchMode: 1, IsHumanControllingUs: 0, StartBugReporterOnCrash: 0, Is64bit: 1, IsPro: 0

 COMMAND LINE ARGUMENTS:
C:\Program Files\Unity\Hub\Editor\2020.2.7f1\Editor\Unity.exe
-adb2
-batchMode
-noUpm
-name
AssetImportWorker0
-projectPath
D:/PC/Documents/OGT5016-3D-Project/OGT5016 3D Project
-logFile
Logs/AssetImportWorker0.log
-srvPort
65191
Successfully changed project path to: D:/PC/Documents/OGT5016-3D-Project/OGT5016 3D Project
D:/PC/Documents/OGT5016-3D-Project/OGT5016 3D Project
Using Asset Import Pipeline V2.
Refreshing native plugins compatible for Editor in 52.98 ms, found 1 plugins.
Preloading 0 native plugins for Editor in 0.00 ms.
Initialize engine version: 2020.2.7f1 (c53830e277f1)
[Subsystems] Discovering subsystems at path C:/Program Files/Unity/Hub/Editor/2020.2.7f1/Editor/Data/Resources/UnitySubsystems
[Subsystems] Discovering subsystems at path D:/PC/Documents/OGT5016-3D-Project/OGT5016 3D Project/Assets
GfxDevice: creating device client; threaded=0
Direct3D:
    Version:  Direct3D 11.0 [level 11.0]
    Renderer: NVIDIA GeForce GTX 960M (ID=0x139b)
    Vendor:   
    VRAM:     4055 MB
    Driver:   27.21.14.6589
Initialize mono
Mono path[0] = 'C:/Program Files/Unity/Hub/Editor/2020.2.7f1/Editor/Data/Managed'
Mono path[1] = 'C:/Program Files/Unity/Hub/Editor/2020.2.7f1/Editor/Data/MonoBleedingEdge/lib/mono/unityjit'
Mono config path = 'C:/Program Files/Unity/Hub/Editor/2020.2.7f1/Editor/Data/MonoBleedingEdge/etc'
Using monoOptions --debugger-agent=transport=dt_socket,embedding=1,server=y,suspend=n,address=127.0.0.1:56320
Begin MonoManager ReloadAssembly
Registering precompiled unity dll's ...
Register platform support module: C:/Program Files/Unity/Hub/Editor/2020.2.7f1/Editor/Data/PlaybackEngines/WebGLSupport/UnityEditor.WebGL.Extensions.dll
Register platform support module: C:/Program Files/Unity/Hub/Editor/2020.2.7f1/Editor/Data/PlaybackEngines/WindowsStandaloneSupport/UnityEditor.WindowsStandalone.Extensions.dll
Registered in 0.003058 seconds.
Native extension for WindowsStandalone target not found
Native extension for WebGL target not found
Refreshing native plugins compatible for Editor in 51.32 ms, found 1 plugins.
Preloading 0 native plugins for Editor in 0.00 ms.
Invoked RoslynAnalysisRunner static constructor.
RoslynAnalysisRunner will not be running.
RoslynAnalysisRunner has terminated.
Mono: successfully reloaded assembly
- Completed reload, in  2.894 seconds
Platform modules already initialized, skipping
Registering precompiled user dll's ...
Registered in 0.001235 seconds.
Begin MonoManager ReloadAssembly
Native extension for WindowsStandalone target not found
Native extension for WebGL target not found
Refreshing native plugins compatible for Editor in 0.43 ms, found 1 plugins.
Preloading 0 native plugins for Editor in 0.00 ms.
Invoked RoslynAnalysisRunner static constructor.
RoslynAnalysisRunner will not be running.
RoslynAnalysisRunner has terminated.
Mono: successfully reloaded assembly
- Completed reload, in  1.200 seconds
Platform modules already initialized, skipping
========================================================================
Worker process is ready to serve import requests
Launched and connected shader compiler UnityShaderCompiler.exe after 0.08 seconds
Refreshing native plugins compatible for Editor in 0.45 ms, found 1 plugins.
Preloading 0 native plugins for Editor in 0.00 ms.
Unloading 1915 Unused Serialized files (Serialized files now loaded: 0)
System memory in use before: 95.8 MB.
System memory in use after: 95.8 MB.

Unloading 110 unused Assets to reduce memory usage. Loaded Objects now: 2353.
Total: 2.700600 ms (FindLiveObjects: 0.235600 ms CreateObjectMapping: 0.083600 ms MarkObjects: 2.077100 ms  DeleteObjects: 0.303600 ms)

========================================================================
Received Import Request.
  path: Assets/Prefabs/Sound Room.prefab
  artifactKey: Guid(4c6827bb1dac6894881009aa373200c1) Importer(815301076,1909f56bfc062723c751e8b465ee728b)
Start importing Assets/Prefabs/Sound Room.prefab using Guid(4c6827bb1dac6894881009aa373200c1) Importer(815301076,1909f56bfc062723c751e8b465ee728b)  -> (artifact id: '710605665399e7df26fc31096a8f1370') in 0.248176 seconds
  Import took 0.254457 seconds .

========================================================================
Received Prepare
Registering precompiled user dll's ...
Registered in 0.002558 seconds.
Begin MonoManager ReloadAssembly
Native extension for WindowsStandalone target not found
Native extension for WebGL target not found
Refreshing native plugins compatible for Editor in 0.45 ms, found 1 plugins.
Preloading 0 native plugins for Editor in 0.00 ms.
Warning: Annotation not found!
UnityEngine.StackTraceUtility:ExtractStackTrace ()
UnityEditor.ProBuilder.EditorUtility:SetGizmoIconEnabled (System.Type,bool) (at Library/PackageCache/com.unity.probuilder@4.5.0/Editor/EditorCore/EditorUtility.cs:593)
UnityEditor.ProBuilder.HierarchyListener:.cctor () (at Library/PackageCache/com.unity.probuilder@4.5.0/Editor/EditorCore/HierarchyListener.cs:21)
System.Runtime.CompilerServices.RuntimeHelpers:RunClassConstructor (System.RuntimeTypeHandle)
UnityEditor.EditorAssemblies:ProcessInitializeOnLoadAttributes (System.Type[])

[Library/PackageCache/com.unity.probuilder@4.5.0/Editor/EditorCore/EditorUtility.cs line 593]

Invoked RoslynAnalysisRunner static constructor.
RoslynAnalysisRunner will not be running.
RoslynAnalysisRunner has terminated.
Mono: successfully reloaded assembly
- Completed reload, in  1.102 seconds
Platform modules already initialized, skipping
Refreshing native plugins compatible for Editor in 0.55 ms, found 1 plugins.
Preloading 0 native plugins for Editor in 0.00 ms.
Unloading 1830 Unused Serialized files (Serialized files now loaded: 0)
System memory in use before: 92.3 MB.
System memory in use after: 92.4 MB.

Unloading 9 unused Assets to reduce memory usage. Loaded Objects now: 2365.
Total: 2.850200 ms (FindLiveObjects: 0.261400 ms CreateObjectMapping: 0.060600 ms MarkObjects: 2.294100 ms  DeleteObjects: 0.233300 ms)

========================================================================
Received Import Request.
  Time since last request: 155.297883 seconds.
  path: Assets/Scripts/MovePanel.cs
  artifactKey: Guid(21f15e79e2793f64f98bdfdf85341bfb) Importer(815301076,1909f56bfc062723c751e8b465ee728b)
Start importing Assets/Scripts/MovePanel.cs using Guid(21f15e79e2793f64f98bdfdf85341bfb) Importer(815301076,1909f56bfc062723c751e8b465ee728b)  -> (artifact id: 'fe53c4aef0213983476970373b932a4b') in 0.131079 seconds
  Import took 0.136596 seconds .

========================================================================
Received Prepare
Registering precompiled user dll's ...
Registered in 0.001286 seconds.
Begin MonoManager ReloadAssembly
Native extension for WindowsStandalone target not found
Native extension for WebGL target not found
Refreshing native plugins compatible for Editor in 0.45 ms, found 1 plugins.
Preloading 0 native plugins for Editor in 0.00 ms.
Warning: Annotation not found!
UnityEngine.StackTraceUtility:ExtractStackTrace ()
UnityEditor.ProBuilder.EditorUtility:SetGizmoIconEnabled (System.Type,bool) (at Library/PackageCache/com.unity.probuilder@4.5.0/Editor/EditorCore/EditorUtility.cs:593)
UnityEditor.ProBuilder.HierarchyListener:.cctor () (at Library/PackageCache/com.unity.probuilder@4.5.0/Editor/EditorCore/HierarchyListener.cs:21)
System.Runtime.CompilerServices.RuntimeHelpers:RunClassConstructor (System.RuntimeTypeHandle)
UnityEditor.EditorAssemblies:ProcessInitializeOnLoadAttributes (System.Type[])

[Library/PackageCache/com.unity.probuilder@4.5.0/Editor/EditorCore/EditorUtility.cs line 593]

Invoked RoslynAnalysisRunner static constructor.
RoslynAnalysisRunner will not be running.
RoslynAnalysisRunner has terminated.
Mono: successfully reloaded assembly
- Completed reload, in  1.093 seconds
Platform modules already initialized, skipping
Refreshing native plugins compatible for Editor in 0.52 ms, found 1 plugins.
Preloading 0 native plugins for Editor in 0.00 ms.
Unloading 1830 Unused Serialized files (Serialized files now loaded: 0)
System memory in use before: 92.4 MB.
System memory in use after: 92.4 MB.

Unloading 9 unused Assets to reduce memory usage. Loaded Objects now: 2368.
Total: 3.344900 ms (FindLiveObjects: 0.240900 ms CreateObjectMapping: 0.106300 ms MarkObjects: 2.725500 ms  DeleteObjects: 0.270400 ms)

========================================================================
Received Import Request.
  Time since last request: 25.295584 seconds.
  path: Assets/Scripts/MovePanel.cs
  artifactKey: Guid(21f15e79e2793f64f98bdfdf85341bfb) Importer(815301076,1909f56bfc062723c751e8b465ee728b)
Start importing Assets/Scripts/MovePanel.cs using Guid(21f15e79e2793f64f98bdfdf85341bfb) Importer(815301076,1909f56bfc062723c751e8b465ee728b)  -> (artifact id: '0df1cb3776a81ac5c20214615d95a4b4') in 0.006577 seconds
  Import took 0.011017 seconds .

========================================================================
Received Import Request.
  Time since last request: 155.786839 seconds.
  path: Assets/Prefabs/RoomSelect.prefab
  artifactKey: Guid(6ab3994716cc25146804583ba1e5ae34) Importer(815301076,1909f56bfc062723c751e8b465ee728b)
Start importing Assets/Prefabs/RoomSelect.prefab using Guid(6ab3994716cc25146804583ba1e5ae34) Importer(815301076,1909f56bfc062723c751e8b465ee728b)  -> (artifact id: '4be436d49e764b71e9a1a2d60a8e47a3') in 0.095797 seconds
  Import took 0.100482 seconds .

========================================================================
Received Prepare
Registering precompiled user dll's ...
Registered in 0.001778 seconds.
Begin MonoManager ReloadAssembly
Native extension for WindowsStandalone target not found
Native extension for WebGL target not found
Refreshing native plugins compatible for Editor in 0.43 ms, found 1 plugins.
Preloading 0 native plugins for Editor in 0.00 ms.
Warning: Annotation not found!
UnityEngine.StackTraceUtility:ExtractStackTrace ()
UnityEditor.ProBuilder.EditorUtility:SetGizmoIconEnabled (System.Type,bool) (at Library/PackageCache/com.unity.probuilder@4.5.0/Editor/EditorCore/EditorUtility.cs:593)
UnityEditor.ProBuilder.HierarchyListener:.cctor () (at Library/PackageCache/com.unity.probuilder@4.5.0/Editor/EditorCore/HierarchyListener.cs:21)
System.Runtime.CompilerServices.RuntimeHelpers:RunClassConstructor (System.RuntimeTypeHandle)
UnityEditor.EditorAssemblies:ProcessInitializeOnLoadAttributes (System.Type[])

[Library/PackageCache/com.unity.probuilder@4.5.0/Editor/EditorCore/EditorUtility.cs line 593]

Invoked RoslynAnalysisRunner static constructor.
RoslynAnalysisRunner will not be running.
RoslynAnalysisRunner has terminated.
Mono: successfully reloaded assembly
- Completed reload, in  1.093 seconds
Platform modules already initialized, skipping
Refreshing native plugins compatible for Editor in 0.56 ms, found 1 plugins.
Preloading 0 native plugins for Editor in 0.00 ms.
Unloading 1830 Unused Serialized files (Serialized files now loaded: 0)
System memory in use before: 92.5 MB.
System memory in use after: 92.6 MB.

Unloading 9 unused Assets to reduce memory usage. Loaded Objects now: 2374.
Total: 3.115100 ms (FindLiveObjects: 0.235100 ms CreateObjectMapping: 0.087800 ms MarkObjects: 2.560800 ms  DeleteObjects: 0.229700 ms)

========================================================================
Received Import Request.
  Time since last request: 12.102920 seconds.
  path: Assets/Prefabs/RoomSelect.prefab
  artifactKey: Guid(6ab3994716cc25146804583ba1e5ae34) Importer(815301076,1909f56bfc062723c751e8b465ee728b)
Start importing Assets/Prefabs/RoomSelect.prefab using Guid(6ab3994716cc25146804583ba1e5ae34) Importer(815301076,1909f56bfc062723c751e8b465ee728b)  -> (artifact id: '1e01bdff7fc271baf7dd665d406ba657') in 0.087417 seconds
  Import took 0.091732 seconds .

========================================================================
Received Prepare
Registering precompiled user dll's ...
Registered in 0.001109 seconds.
Begin MonoManager ReloadAssembly
Native extension for WindowsStandalone target not found
Native extension for WebGL target not found
Refreshing native plugins compatible for Editor in 0.45 ms, found 1 plugins.
Preloading 0 native plugins for Editor in 0.00 ms.
Warning: Annotation not found!
UnityEngine.StackTraceUtility:ExtractStackTrace ()
UnityEditor.ProBuilder.EditorUtility:SetGizmoIconEnabled (System.Type,bool) (at Library/PackageCache/com.unity.probuilder@4.5.0/Editor/EditorCore/EditorUtility.cs:593)
UnityEditor.ProBuilder.HierarchyListener:.cctor () (at Library/PackageCache/com.unity.probuilder@4.5.0/Editor/EditorCore/HierarchyListener.cs:21)
System.Runtime.CompilerServices.RuntimeHelpers:RunClassConstructor (System.RuntimeTypeHandle)
UnityEditor.EditorAssemblies:ProcessInitializeOnLoadAttributes (System.Type[])

[Library/PackageCache/com.unity.probuilder@4.5.0/Editor/EditorCore/EditorUtility.cs line 593]

Invoked RoslynAnalysisRunner static constructor.
RoslynAnalysisRunner will not be running.
RoslynAnalysisRunner has terminated.
Mono: successfully reloaded assembly
- Completed reload, in  1.030 seconds
Platform modules already initialized, skipping
Refreshing native plugins compatible for Editor in 0.50 ms, found 1 plugins.
Preloading 0 native plugins for Editor in 0.00 ms.
Unloading 1830 Unused Serialized files (Serialized files now loaded: 0)
System memory in use before: 92.5 MB.
System memory in use after: 92.6 MB.

Unloading 9 unused Assets to reduce memory usage. Loaded Objects now: 2378.
Total: 2.940900 ms (FindLiveObjects: 0.170500 ms CreateObjectMapping: 0.064000 ms MarkObjects: 2.459600 ms  DeleteObjects: 0.246200 ms)

========================================================================
Received Prepare
Registering precompiled user dll's ...
Registered in 0.001082 seconds.
Begin MonoManager ReloadAssembly
Native extension for WindowsStandalone target not found
Native extension for WebGL target not found
Refreshing native plugins compatible for Editor in 0.99 ms, found 1 plugins.
Preloading 0 native plugins for Editor in 0.00 ms.
Warning: Annotation not found!
UnityEngine.StackTraceUtility:ExtractStackTrace ()
UnityEditor.ProBuilder.EditorUtility:SetGizmoIconEnabled (System.Type,bool) (at Library/PackageCache/com.unity.probuilder@4.5.0/Editor/EditorCore/EditorUtility.cs:593)
UnityEditor.ProBuilder.HierarchyListener:.cctor () (at Library/PackageCache/com.unity.probuilder@4.5.0/Editor/EditorCore/HierarchyListener.cs:21)
System.Runtime.CompilerServices.RuntimeHelpers:RunClassConstructor (System.RuntimeTypeHandle)
UnityEditor.EditorAssemblies:ProcessInitializeOnLoadAttributes (System.Type[])

[Library/PackageCache/com.unity.probuilder@4.5.0/Editor/EditorCore/EditorUtility.cs line 593]

Invoked RoslynAnalysisRunner static constructor.
RoslynAnalysisRunner will not be running.
RoslynAnalysisRunner has terminated.
Mono: successfully reloaded assembly
- Completed reload, in  1.080 seconds
Platform modules already initialized, skipping
Refreshing native plugins compatible for Editor in 0.46 ms, found 1 plugins.
Preloading 0 native plugins for Editor in 0.00 ms.
Unloading 1830 Unused Serialized files (Serialized files now loaded: 0)
System memory in use before: 92.5 MB.
System memory in use after: 92.6 MB.

Unloading 9 unused Assets to reduce memory usage. Loaded Objects now: 2381.
Total: 5.837000 ms (FindLiveObjects: 0.298800 ms CreateObjectMapping: 0.085100 ms MarkObjects: 5.204000 ms  DeleteObjects: 0.246400 ms)

========================================================================
Received Import Request.
  Time since last request: 788.641491 seconds.
  path: Assets/Scenes/Level2.unity
  artifactKey: Guid(9d80908d98bc4b44990145244bf91a88) Importer(815301076,1909f56bfc062723c751e8b465ee728b)
Start importing Assets/Scenes/Level2.unity using Guid(9d80908d98bc4b44990145244bf91a88) Importer(815301076,1909f56bfc062723c751e8b465ee728b)  -> (artifact id: '32fa76fe7df4f5a50a3873949ee9a6f9') in 0.018605 seconds
  Import took 0.024022 seconds .

========================================================================
Received Import Request.
  Time since last request: 0.001408 seconds.
  path: Assets/Scenes/Level2.unity
  artifactKey: Guid(9d80908d98bc4b44990145244bf91a88) Importer(815301076,1909f56bfc062723c751e8b465ee728b)
Start importing Assets/Scenes/Level2.unity using Guid(9d80908d98bc4b44990145244bf91a88) Importer(815301076,1909f56bfc062723c751e8b465ee728b)  -> (artifact id: '32fa76fe7df4f5a50a3873949ee9a6f9') in 0.002595 seconds
  Import took 0.007542 seconds .

========================================================================
Received Prepare
Registering precompiled user dll's ...
Registered in 0.001124 seconds.
Begin MonoManager ReloadAssembly
Native extension for WindowsStandalone target not found
Native extension for WebGL target not found
Refreshing native plugins compatible for Editor in 0.50 ms, found 1 plugins.
Preloading 0 native plugins for Editor in 0.00 ms.
Warning: Annotation not found!
UnityEngine.StackTraceUtility:ExtractStackTrace ()
UnityEditor.ProBuilder.EditorUtility:SetGizmoIconEnabled (System.Type,bool) (at Library/PackageCache/com.unity.probuilder@4.5.0/Editor/EditorCore/EditorUtility.cs:593)
UnityEditor.ProBuilder.HierarchyListener:.cctor () (at Library/PackageCache/com.unity.probuilder@4.5.0/Editor/EditorCore/HierarchyListener.cs:21)
System.Runtime.CompilerServices.RuntimeHelpers:RunClassConstructor (System.RuntimeTypeHandle)
UnityEditor.EditorAssemblies:ProcessInitializeOnLoadAttributes (System.Type[])

[Library/PackageCache/com.unity.probuilder@4.5.0/Editor/EditorCore/EditorUtility.cs line 593]

Invoked RoslynAnalysisRunner static constructor.
RoslynAnalysisRunner will not be running.
RoslynAnalysisRunner has terminated.
Mono: successfully reloaded assembly
- Completed reload, in  1.026 seconds
Platform modules already initialized, skipping
Refreshing native plugins compatible for Editor in 0.47 ms, found 1 plugins.
Preloading 0 native plugins for Editor in 0.00 ms.
Unloading 1830 Unused Serialized files (Serialized files now loaded: 0)
System memory in use before: 92.5 MB.
System memory in use after: 92.6 MB.

Unloading 9 unused Assets to reduce memory usage. Loaded Objects now: 2384.
Total: 3.108900 ms (FindLiveObjects: 0.400500 ms CreateObjectMapping: 0.085300 ms MarkObjects: 2.410000 ms  DeleteObjects: 0.211800 ms)

========================================================================
Received Import Request.
  Time since last request: 347.570519 seconds.
  path: Assets/Scenes/Level1.unity
  artifactKey: Guid(9fc0d4010bbf28b4594072e72b8655ab) Importer(815301076,1909f56bfc062723c751e8b465ee728b)
Start importing Assets/Scenes/Level1.unity using Guid(9fc0d4010bbf28b4594072e72b8655ab) Importer(815301076,1909f56bfc062723c751e8b465ee728b)  -> (artifact id: 'a8751190de94c0351660174698562d51') in 0.029833 seconds
  Import took 0.035878 seconds .

========================================================================
Received Import Request.
  Time since last request: 1090.371633 seconds.
  path: Assets/Scenes/Level1.unity
  artifactKey: Guid(9fc0d4010bbf28b4594072e72b8655ab) Importer(815301076,1909f56bfc062723c751e8b465ee728b)
Start importing Assets/Scenes/Level1.unity using Guid(9fc0d4010bbf28b4594072e72b8655ab) Importer(815301076,1909f56bfc062723c751e8b465ee728b)  -> (artifact id: '83cb922bd19991c280cabb03e15ba61d') in 0.003902 seconds
  Import took 0.010204 seconds .

========================================================================
Received Prepare
Registering precompiled user dll's ...
Registered in 0.001197 seconds.
Begin MonoManager ReloadAssembly
Native extension for WindowsStandalone target not found
Native extension for WebGL target not found
Refreshing native plugins compatible for Editor in 0.43 ms, found 1 plugins.
Preloading 0 native plugins for Editor in 0.00 ms.
Warning: Annotation not found!
UnityEngine.StackTraceUtility:ExtractStackTrace ()
UnityEditor.ProBuilder.EditorUtility:SetGizmoIconEnabled (System.Type,bool) (at Library/PackageCache/com.unity.probuilder@4.5.0/Editor/EditorCore/EditorUtility.cs:593)
UnityEditor.ProBuilder.HierarchyListener:.cctor () (at Library/PackageCache/com.unity.probuilder@4.5.0/Editor/EditorCore/HierarchyListener.cs:21)
System.Runtime.CompilerServices.RuntimeHelpers:RunClassConstructor (System.RuntimeTypeHandle)
UnityEditor.EditorAssemblies:ProcessInitializeOnLoadAttributes (System.Type[])

[Library/PackageCache/com.unity.probuilder@4.5.0/Editor/EditorCore/EditorUtility.cs line 593]

Invoked RoslynAnalysisRunner static constructor.
RoslynAnalysisRunner will not be running.
RoslynAnalysisRunner has terminated.
Mono: successfully reloaded assembly
- Completed reload, in  1.103 seconds
Platform modules already initialized, skipping
Refreshing native plugins compatible for Editor in 0.46 ms, found 1 plugins.
Preloading 0 native plugins for Editor in 0.00 ms.
Unloading 1830 Unused Serialized files (Serialized files now loaded: 0)
System memory in use before: 92.5 MB.
System memory in use after: 92.6 MB.

Unloading 9 unused Assets to reduce memory usage. Loaded Objects now: 2387.
Total: 4.136800 ms (FindLiveObjects: 0.228000 ms CreateObjectMapping: 0.071400 ms MarkObjects: 3.609400 ms  DeleteObjects: 0.226900 ms)

========================================================================
Received Import Request.
  Time since last request: 187.654389 seconds.
  path: Assets/Sound/Level1NPC/Mentor3.51.wav
  artifactKey: Guid(219d60c8015d6004d98f148d28095f89) Importer(815301076,1909f56bfc062723c751e8b465ee728b)
Start importing Assets/Sound/Level1NPC/Mentor3.51.wav using Guid(219d60c8015d6004d98f148d28095f89) Importer(815301076,1909f56bfc062723c751e8b465ee728b)  -> (artifact id: '66e14862f5b64d7187c4456a6a0d3f37') in 0.128716 seconds
  Import took 0.133251 seconds .

========================================================================
Received Import Request.
  Time since last request: 0.000328 seconds.
  path: Assets/Sound/Level1NPC/Mentor3.52.wav
  artifactKey: Guid(83380fbcd08903744bd8894593902ea0) Importer(815301076,1909f56bfc062723c751e8b465ee728b)
Start importing Assets/Sound/Level1NPC/Mentor3.52.wav using Guid(83380fbcd08903744bd8894593902ea0) Importer(815301076,1909f56bfc062723c751e8b465ee728b)  -> (artifact id: 'ad88694f5843a6ee6c735219b564211c') in 0.014311 seconds
  Import took 0.017816 seconds .

========================================================================
Received Prepare
Registering precompiled user dll's ...
Registered in 0.001187 seconds.
Begin MonoManager ReloadAssembly
Native extension for WindowsStandalone target not found
Native extension for WebGL target not found
Refreshing native plugins compatible for Editor in 0.43 ms, found 1 plugins.
Preloading 0 native plugins for Editor in 0.00 ms.
Warning: Annotation not found!
UnityEngine.StackTraceUtility:ExtractStackTrace ()
UnityEditor.ProBuilder.EditorUtility:SetGizmoIconEnabled (System.Type,bool) (at Library/PackageCache/com.unity.probuilder@4.5.0/Editor/EditorCore/EditorUtility.cs:593)
UnityEditor.ProBuilder.HierarchyListener:.cctor () (at Library/PackageCache/com.unity.probuilder@4.5.0/Editor/EditorCore/HierarchyListener.cs:21)
System.Runtime.CompilerServices.RuntimeHelpers:RunClassConstructor (System.RuntimeTypeHandle)
UnityEditor.EditorAssemblies:ProcessInitializeOnLoadAttributes (System.Type[])

[Library/PackageCache/com.unity.probuilder@4.5.0/Editor/EditorCore/EditorUtility.cs line 593]

Invoked RoslynAnalysisRunner static constructor.
RoslynAnalysisRunner will not be running.
RoslynAnalysisRunner has terminated.
Mono: successfully reloaded assembly
- Completed reload, in  1.112 seconds
Platform modules already initialized, skipping
Refreshing native plugins compatible for Editor in 0.48 ms, found 1 plugins.
Preloading 0 native plugins for Editor in 0.00 ms.
Unloading 1830 Unused Serialized files (Serialized files now loaded: 0)
System memory in use before: 92.6 MB.
System memory in use after: 92.7 MB.

Unloading 9 unused Assets to reduce memory usage. Loaded Objects now: 2393.
Total: 3.263000 ms (FindLiveObjects: 0.218300 ms CreateObjectMapping: 0.074500 ms MarkObjects: 2.734300 ms  DeleteObjects: 0.234500 ms)

========================================================================
Received Prepare
Registering precompiled user dll's ...
Registered in 0.001030 seconds.
Begin MonoManager ReloadAssembly
Native extension for WindowsStandalone target not found
Native extension for WebGL target not found
Refreshing native plugins compatible for Editor in 0.43 ms, found 1 plugins.
Preloading 0 native plugins for Editor in 0.00 ms.
Warning: Annotation not found!
UnityEngine.StackTraceUtility:ExtractStackTrace ()
UnityEditor.ProBuilder.EditorUtility:SetGizmoIconEnabled (System.Type,bool) (at Library/PackageCache/com.unity.probuilder@4.5.0/Editor/EditorCore/EditorUtility.cs:593)
UnityEditor.ProBuilder.HierarchyListener:.cctor () (at Library/PackageCache/com.unity.probuilder@4.5.0/Editor/EditorCore/HierarchyListener.cs:21)
System.Runtime.CompilerServices.RuntimeHelpers:RunClassConstructor (System.RuntimeTypeHandle)
UnityEditor.EditorAssemblies:ProcessInitializeOnLoadAttributes (System.Type[])

[Library/PackageCache/com.unity.probuilder@4.5.0/Editor/EditorCore/EditorUtility.cs line 593]

Invoked RoslynAnalysisRunner static constructor.
RoslynAnalysisRunner will not be running.
RoslynAnalysisRunner has terminated.
Mono: successfully reloaded assembly
- Completed reload, in  1.032 seconds
Platform modules already initialized, skipping
Refreshing native plugins compatible for Editor in 0.50 ms, found 1 plugins.
Preloading 0 native plugins for Editor in 0.00 ms.
Unloading 1830 Unused Serialized files (Serialized files now loaded: 0)
System memory in use before: 92.6 MB.
System memory in use after: 92.7 MB.

Unloading 9 unused Assets to reduce memory usage. Loaded Objects now: 2396.
Total: 3.165700 ms (FindLiveObjects: 0.270900 ms CreateObjectMapping: 0.101100 ms MarkObjects: 2.569000 ms  DeleteObjects: 0.222000 ms)

========================================================================
Received Import Request.
  Time since last request: 298.158650 seconds.
  path: Assets/Sound/Level2NPC
  artifactKey: Guid(61dabb1fd3ea9fb48ab5dc2252261c25) Importer(815301076,1909f56bfc062723c751e8b465ee728b)
Start importing Assets/Sound/Level2NPC using Guid(61dabb1fd3ea9fb48ab5dc2252261c25) Importer(815301076,1909f56bfc062723c751e8b465ee728b)  -> (artifact id: 'a3ebcbe4f5ddaa3dec8f64dc8998f9cf') in 0.011891 seconds
  Import took 0.016764 seconds .

========================================================================
Received Prepare
Registering precompiled user dll's ...
Registered in 0.001147 seconds.
Begin MonoManager ReloadAssembly
Native extension for WindowsStandalone target not found
Native extension for WebGL target not found
Refreshing native plugins compatible for Editor in 0.43 ms, found 1 plugins.
Preloading 0 native plugins for Editor in 0.00 ms.
Warning: Annotation not found!
UnityEngine.StackTraceUtility:ExtractStackTrace ()
UnityEditor.ProBuilder.EditorUtility:SetGizmoIconEnabled (System.Type,bool) (at Library/PackageCache/com.unity.probuilder@4.5.0/Editor/EditorCore/EditorUtility.cs:593)
UnityEditor.ProBuilder.HierarchyListener:.cctor () (at Library/PackageCache/com.unity.probuilder@4.5.0/Editor/EditorCore/HierarchyListener.cs:21)
System.Runtime.CompilerServices.RuntimeHelpers:RunClassConstructor (System.RuntimeTypeHandle)
UnityEditor.EditorAssemblies:ProcessInitializeOnLoadAttributes (System.Type[])

[Library/PackageCache/com.unity.probuilder@4.5.0/Editor/EditorCore/EditorUtility.cs line 593]

Invoked RoslynAnalysisRunner static constructor.
RoslynAnalysisRunner will not be running.
RoslynAnalysisRunner has terminated.
Mono: successfully reloaded assembly
- Completed reload, in  1.142 seconds
Platform modules already initialized, skipping
Refreshing native plugins compatible for Editor in 0.61 ms, found 1 plugins.
Preloading 0 native plugins for Editor in 0.00 ms.
Unloading 1830 Unused Serialized files (Serialized files now loaded: 0)
System memory in use before: 92.6 MB.
System memory in use after: 92.7 MB.

Unloading 9 unused Assets to reduce memory usage. Loaded Objects now: 2399.
Total: 3.832500 ms (FindLiveObjects: 0.433900 ms CreateObjectMapping: 0.170500 ms MarkObjects: 2.995100 ms  DeleteObjects: 0.231400 ms)

========================================================================
Received Import Request.
  Time since last request: 21.962256 seconds.
  path: Assets/Scenes/Level2.unity
  artifactKey: Guid(9d80908d98bc4b44990145244bf91a88) Importer(815301076,1909f56bfc062723c751e8b465ee728b)
Start importing Assets/Scenes/Level2.unity using Guid(9d80908d98bc4b44990145244bf91a88) Importer(815301076,1909f56bfc062723c751e8b465ee728b)  -> (artifact id: '9981a64f019c1794c96e56da7fa323ce') in 0.005885 seconds
  Import took 0.010891 seconds .

========================================================================
Received Prepare
Registering precompiled user dll's ...
Registered in 0.001102 seconds.
Begin MonoManager ReloadAssembly
Native extension for WindowsStandalone target not found
Native extension for WebGL target not found
Refreshing native plugins compatible for Editor in 0.45 ms, found 1 plugins.
Preloading 0 native plugins for Editor in 0.00 ms.
Warning: Annotation not found!
UnityEngine.StackTraceUtility:ExtractStackTrace ()
UnityEditor.ProBuilder.EditorUtility:SetGizmoIconEnabled (System.Type,bool) (at Library/PackageCache/com.unity.probuilder@4.5.0/Editor/EditorCore/EditorUtility.cs:593)
UnityEditor.ProBuilder.HierarchyListener:.cctor () (at Library/PackageCache/com.unity.probuilder@4.5.0/Editor/EditorCore/HierarchyListener.cs:21)
System.Runtime.CompilerServices.RuntimeHelpers:RunClassConstructor (System.RuntimeTypeHandle)
UnityEditor.EditorAssemblies:ProcessInitializeOnLoadAttributes (System.Type[])

[Library/PackageCache/com.unity.probuilder@4.5.0/Editor/EditorCore/EditorUtility.cs line 593]

Invoked RoslynAnalysisRunner static constructor.
RoslynAnalysisRunner will not be running.
RoslynAnalysisRunner has terminated.
Mono: successfully reloaded assembly
- Completed reload, in  1.101 seconds
Platform modules already initialized, skipping
Refreshing native plugins compatible for Editor in 0.46 ms, found 1 plugins.
Preloading 0 native plugins for Editor in 0.00 ms.
Unloading 1830 Unused Serialized files (Serialized files now loaded: 0)
System memory in use before: 92.6 MB.
System memory in use after: 92.7 MB.

Unloading 9 unused Assets to reduce memory usage. Loaded Objects now: 2402.
Total: 6.874400 ms (FindLiveObjects: 0.435300 ms CreateObjectMapping: 0.202100 ms MarkObjects: 6.046500 ms  DeleteObjects: 0.189100 ms)

========================================================================
Received Import Request.
  Time since last request: 822.769234 seconds.
  path: Assets/Sound/Level2NPC/audio (1).wav
  artifactKey: Guid(3f0e42af08dcca642bf01bad5270e2bc) Importer(815301076,1909f56bfc062723c751e8b465ee728b)
Start importing Assets/Sound/Level2NPC/audio (1).wav using Guid(3f0e42af08dcca642bf01bad5270e2bc) Importer(815301076,1909f56bfc062723c751e8b465ee728b)  -> (artifact id: '5fcc08968db67a71cf8a725633d8a662') in 0.068191 seconds
  Import took 0.073343 seconds .

========================================================================
Received Import Request.
  Time since last request: 0.000231 seconds.
  path: Assets/Sound/Level2NPC/audio (8).wav
  artifactKey: Guid(49c3d4571f891174e9ab384ca447ac10) Importer(815301076,1909f56bfc062723c751e8b465ee728b)
Start importing Assets/Sound/Level2NPC/audio (8).wav using Guid(49c3d4571f891174e9ab384ca447ac10) Importer(815301076,1909f56bfc062723c751e8b465ee728b)  -> (artifact id: '343efc4a536ff80acc5a1fae736877c7') in 0.015755 seconds
  Import took 0.020289 seconds .

========================================================================
Received Import Request.
  Time since last request: 0.000422 seconds.
  path: Assets/Sound/Level2NPC/audio (2).wav
  artifactKey: Guid(2ca5211a228c0104e95f24ab74456593) Importer(815301076,1909f56bfc062723c751e8b465ee728b)
Start importing Assets/Sound/Level2NPC/audio (2).wav using Guid(2ca5211a228c0104e95f24ab74456593) Importer(815301076,1909f56bfc062723c751e8b465ee728b)  -> (artifact id: 'fb43f983eb8bf89d10c59383189a9e90') in 0.018187 seconds
  Import took 0.023116 seconds .

========================================================================
Received Import Request.
  Time since last request: 0.000294 seconds.
  path: Assets/Sound/Level2NPC/audio (3).wav
  artifactKey: Guid(4a9779b1d465de14da642d5aaad391c6) Importer(815301076,1909f56bfc062723c751e8b465ee728b)
Start importing Assets/Sound/Level2NPC/audio (3).wav using Guid(4a9779b1d465de14da642d5aaad391c6) Importer(815301076,1909f56bfc062723c751e8b465ee728b)  -> (artifact id: '9584f9d51bc01c617571ed6b88ba66bb') in 0.017409 seconds
  Import took 0.022693 seconds .

========================================================================
Received Import Request.
  Time since last request: 0.000382 seconds.
  path: Assets/Sound/Level2NPC/audio (5).wav
  artifactKey: Guid(cc241abff7603d74281593cc849f13d1) Importer(815301076,1909f56bfc062723c751e8b465ee728b)
Start importing Assets/Sound/Level2NPC/audio (5).wav using Guid(cc241abff7603d74281593cc849f13d1) Importer(815301076,1909f56bfc062723c751e8b465ee728b)  -> (artifact id: 'a1be46c1ff862b4065ff7ec6f75d7732') in 0.017778 seconds
  Import took 0.023707 seconds .

========================================================================
Received Import Request.
  Time since last request: 0.000360 seconds.
  path: Assets/Sound/Level2NPC/audio (6).wav
  artifactKey: Guid(d7ea2a5f89ab66245979779586e6da21) Importer(815301076,1909f56bfc062723c751e8b465ee728b)
Start importing Assets/Sound/Level2NPC/audio (6).wav using Guid(d7ea2a5f89ab66245979779586e6da21) Importer(815301076,1909f56bfc062723c751e8b465ee728b)  -> (artifact id: '3166a5ec726c8eb8eb5c72148a1b3da3') in 0.018638 seconds
  Import took 0.024206 seconds .

========================================================================
Received Import Request.
  Time since last request: 0.000358 seconds.
  path: Assets/Sound/Level2NPC/audio.wav
  artifactKey: Guid(89e032aea39a9e440a14b12956c89125) Importer(815301076,1909f56bfc062723c751e8b465ee728b)
Start importing Assets/Sound/Level2NPC/audio.wav using Guid(89e032aea39a9e440a14b12956c89125) Importer(815301076,1909f56bfc062723c751e8b465ee728b)  -> (artifact id: '1286e9ab0cc1255ed7e7907567973693') in 0.016155 seconds
  Import took 0.020973 seconds .

========================================================================
Received Import Request.
  Time since last request: 0.000297 seconds.
  path: Assets/Sound/Level2NPC/audio (7).wav
  artifactKey: Guid(631068f082c91d24c9e6eedd44d04e0e) Importer(815301076,1909f56bfc062723c751e8b465ee728b)
Start importing Assets/Sound/Level2NPC/audio (7).wav using Guid(631068f082c91d24c9e6eedd44d04e0e) Importer(815301076,1909f56bfc062723c751e8b465ee728b)  -> (artifact id: 'fa95e51eae0eacd24f1756cb8ad8a389') in 0.015541 seconds
  Import took 0.020011 seconds .

========================================================================
Received Import Request.
  Time since last request: 0.000208 seconds.
  path: Assets/Sound/Level2NPC/audio (4).wav
  artifactKey: Guid(b8b3c7fe1c41854438def97a922fbad7) Importer(815301076,1909f56bfc062723c751e8b465ee728b)
Start importing Assets/Sound/Level2NPC/audio (4).wav using Guid(b8b3c7fe1c41854438def97a922fbad7) Importer(815301076,1909f56bfc062723c751e8b465ee728b)  -> (artifact id: '27bc8f6ccd6c9e51f82baaa06e240319') in 0.019634 seconds
  Import took 0.025215 seconds .

========================================================================
Received Import Request.
  Time since last request: 28.909194 seconds.
  path: Assets/Sound/Level2NPC/LvlT1.wav
  artifactKey: Guid(89e032aea39a9e440a14b12956c89125) Importer(815301076,1909f56bfc062723c751e8b465ee728b)
Start importing Assets/Sound/Level2NPC/LvlT1.wav using Guid(89e032aea39a9e440a14b12956c89125) Importer(815301076,1909f56bfc062723c751e8b465ee728b)  -> (artifact id: 'e58170ea0bd46de5584ba12746c7744d') in 0.012199 seconds
  Import took 0.017852 seconds .

========================================================================
Received Import Request.
  Time since last request: 6.346624 seconds.
  path: Assets/Sound/Level2NPC/LvlT2.wav
  artifactKey: Guid(3f0e42af08dcca642bf01bad5270e2bc) Importer(815301076,1909f56bfc062723c751e8b465ee728b)
Start importing Assets/Sound/Level2NPC/LvlT2.wav using Guid(3f0e42af08dcca642bf01bad5270e2bc) Importer(815301076,1909f56bfc062723c751e8b465ee728b)  -> (artifact id: 'a922e6573152f8869cd30023a7704ebf') in 0.063515 seconds
  Import took 0.069208 seconds .

========================================================================
Received Import Request.
  Time since last request: 0.009184 seconds.
  path: Assets/Sound/Level2NPC/LvlT2.wav
  artifactKey: Guid(3f0e42af08dcca642bf01bad5270e2bc) Importer(815301076,1909f56bfc062723c751e8b465ee728b)
Start importing Assets/Sound/Level2NPC/LvlT2.wav using Guid(3f0e42af08dcca642bf01bad5270e2bc) Importer(815301076,1909f56bfc062723c751e8b465ee728b)  -> (artifact id: 'a922e6573152f8869cd30023a7704ebf') in 0.007637 seconds
  Import took 0.012116 seconds .

========================================================================
Received Import Request.
  Time since last request: 5.953671 seconds.
  path: Assets/Sound/Level2NPC/LvlT3.wav
  artifactKey: Guid(2ca5211a228c0104e95f24ab74456593) Importer(815301076,1909f56bfc062723c751e8b465ee728b)
Start importing Assets/Sound/Level2NPC/LvlT3.wav using Guid(2ca5211a228c0104e95f24ab74456593) Importer(815301076,1909f56bfc062723c751e8b465ee728b)  -> (artifact id: '654aece38cd21254b5801624f6239e30') in 0.014781 seconds
  Import took 0.020447 seconds .

========================================================================
Received Import Request.
  Time since last request: 0.006608 seconds.
  path: Assets/Sound/Level2NPC/LvlT3.wav
  artifactKey: Guid(2ca5211a228c0104e95f24ab74456593) Importer(815301076,1909f56bfc062723c751e8b465ee728b)
Start importing Assets/Sound/Level2NPC/LvlT3.wav using Guid(2ca5211a228c0104e95f24ab74456593) Importer(815301076,1909f56bfc062723c751e8b465ee728b)  -> (artifact id: '654aece38cd21254b5801624f6239e30') in 0.054349 seconds
  Import took 0.058336 seconds .

========================================================================
Received Import Request.
  Time since last request: 8.985710 seconds.
  path: Assets/Sound/Level2NPC/LvlT4.wav
  artifactKey: Guid(4a9779b1d465de14da642d5aaad391c6) Importer(815301076,1909f56bfc062723c751e8b465ee728b)
Start importing Assets/Sound/Level2NPC/LvlT4.wav using Guid(4a9779b1d465de14da642d5aaad391c6) Importer(815301076,1909f56bfc062723c751e8b465ee728b)  -> (artifact id: '753d58848892e9509741effb11e63ef8') in 0.018279 seconds
  Import took 0.023906 seconds .

========================================================================
Received Import Request.
  Time since last request: 0.007874 seconds.
  path: Assets/Sound/Level2NPC/LvlT4.wav
  artifactKey: Guid(4a9779b1d465de14da642d5aaad391c6) Importer(815301076,1909f56bfc062723c751e8b465ee728b)
Start importing Assets/Sound/Level2NPC/LvlT4.wav using Guid(4a9779b1d465de14da642d5aaad391c6) Importer(815301076,1909f56bfc062723c751e8b465ee728b)  -> (artifact id: '753d58848892e9509741effb11e63ef8') in 0.056368 seconds
  Import took 0.060290 seconds .

========================================================================
Received Import Request.
  Time since last request: 12.736983 seconds.
  path: Assets/Sound/Level2NPC/LvlT5.wav
  artifactKey: Guid(b8b3c7fe1c41854438def97a922fbad7) Importer(815301076,1909f56bfc062723c751e8b465ee728b)
Start importing Assets/Sound/Level2NPC/LvlT5.wav using Guid(b8b3c7fe1c41854438def97a922fbad7) Importer(815301076,1909f56bfc062723c751e8b465ee728b)  -> (artifact id: '89f1e59edb51c217cdb24ed1b9ea7e95') in 0.064604 seconds
  Import took 0.069286 seconds .

========================================================================
Received Import Request.
  Time since last request: 6.589507 seconds.
  path: Assets/Sound/Level2NPC/LvlT6.wav
  artifactKey: Guid(cc241abff7603d74281593cc849f13d1) Importer(815301076,1909f56bfc062723c751e8b465ee728b)
Start importing Assets/Sound/Level2NPC/LvlT6.wav using Guid(cc241abff7603d74281593cc849f13d1) Importer(815301076,1909f56bfc062723c751e8b465ee728b)  -> (artifact id: 'ed55c860f0c70590c3c3c9846b0810ef') in 0.017028 seconds
  Import took 0.022470 seconds .

========================================================================
Received Import Request.
  Time since last request: 0.007633 seconds.
  path: Assets/Sound/Level2NPC/LvlT6.wav
  artifactKey: Guid(cc241abff7603d74281593cc849f13d1) Importer(815301076,1909f56bfc062723c751e8b465ee728b)
Start importing Assets/Sound/Level2NPC/LvlT6.wav using Guid(cc241abff7603d74281593cc849f13d1) Importer(815301076,1909f56bfc062723c751e8b465ee728b)  -> (artifact id: 'ed55c860f0c70590c3c3c9846b0810ef') in 0.056913 seconds
  Import took 0.061465 seconds .

========================================================================
Received Import Request.
  Time since last request: 6.521006 seconds.
  path: Assets/Sound/Level2NPC/LvlT7.wav
  artifactKey: Guid(d7ea2a5f89ab66245979779586e6da21) Importer(815301076,1909f56bfc062723c751e8b465ee728b)
Start importing Assets/Sound/Level2NPC/LvlT7.wav using Guid(d7ea2a5f89ab66245979779586e6da21) Importer(815301076,1909f56bfc062723c751e8b465ee728b)  -> (artifact id: '543568b1699962fa59f5f24821c90f9f') in 0.063941 seconds
  Import took 0.068402 seconds .

========================================================================
Received Import Request.
  Time since last request: 6.175235 seconds.
  path: Assets/Sound/Level2NPC/LvlT8.wav
  artifactKey: Guid(631068f082c91d24c9e6eedd44d04e0e) Importer(815301076,1909f56bfc062723c751e8b465ee728b)
Start importing Assets/Sound/Level2NPC/LvlT8.wav using Guid(631068f082c91d24c9e6eedd44d04e0e) Importer(815301076,1909f56bfc062723c751e8b465ee728b)  -> (artifact id: 'a857927aa2bc2b6151ace155c8796f12') in 0.017959 seconds
  Import took 0.023814 seconds .

========================================================================
Received Import Request.
  Time since last request: 0.006672 seconds.
  path: Assets/Sound/Level2NPC/LvlT8.wav
  artifactKey: Guid(631068f082c91d24c9e6eedd44d04e0e) Importer(815301076,1909f56bfc062723c751e8b465ee728b)
Start importing Assets/Sound/Level2NPC/LvlT8.wav using Guid(631068f082c91d24c9e6eedd44d04e0e) Importer(815301076,1909f56bfc062723c751e8b465ee728b)  -> (artifact id: 'a857927aa2bc2b6151ace155c8796f12') in 0.050062 seconds
  Import took 0.056757 seconds .

========================================================================
Received Import Request.
  Time since last request: 6.165427 seconds.
  path: Assets/Sound/Level2NPC/LvlT9.wav
  artifactKey: Guid(49c3d4571f891174e9ab384ca447ac10) Importer(815301076,1909f56bfc062723c751e8b465ee728b)
Start importing Assets/Sound/Level2NPC/LvlT9.wav using Guid(49c3d4571f891174e9ab384ca447ac10) Importer(815301076,1909f56bfc062723c751e8b465ee728b)  -> (artifact id: '17666ac5be2e8c5d9cc71f3564c34908') in 0.058312 seconds
  Import took 0.063089 seconds .

========================================================================
Received Import Request.
  Time since last request: 0.002383 seconds.
  path: Assets/Sound/Level2NPC/LvlT9.wav
  artifactKey: Guid(49c3d4571f891174e9ab384ca447ac10) Importer(815301076,1909f56bfc062723c751e8b465ee728b)
Start importing Assets/Sound/Level2NPC/LvlT9.wav using Guid(49c3d4571f891174e9ab384ca447ac10) Importer(815301076,1909f56bfc062723c751e8b465ee728b)  -> (artifact id: '17666ac5be2e8c5d9cc71f3564c34908') in 0.008598 seconds
  Import took 0.014214 seconds .

========================================================================
Received Prepare
Registering precompiled user dll's ...
Registered in 0.001260 seconds.
Begin MonoManager ReloadAssembly
Native extension for WindowsStandalone target not found
Native extension for WebGL target not found
Refreshing native plugins compatible for Editor in 0.60 ms, found 1 plugins.
Preloading 0 native plugins for Editor in 0.00 ms.
Warning: Annotation not found!
UnityEngine.StackTraceUtility:ExtractStackTrace ()
UnityEditor.ProBuilder.EditorUtility:SetGizmoIconEnabled (System.Type,bool) (at Library/PackageCache/com.unity.probuilder@4.5.0/Editor/EditorCore/EditorUtility.cs:593)
UnityEditor.ProBuilder.HierarchyListener:.cctor () (at Library/PackageCache/com.unity.probuilder@4.5.0/Editor/EditorCore/HierarchyListener.cs:21)
System.Runtime.CompilerServices.RuntimeHelpers:RunClassConstructor (System.RuntimeTypeHandle)
UnityEditor.EditorAssemblies:ProcessInitializeOnLoadAttributes (System.Type[])

[Library/PackageCache/com.unity.probuilder@4.5.0/Editor/EditorCore/EditorUtility.cs line 593]

Invoked RoslynAnalysisRunner static constructor.
RoslynAnalysisRunner will not be running.
RoslynAnalysisRunner has terminated.
Mono: successfully reloaded assembly
- Completed reload, in  1.095 seconds
Platform modules already initialized, skipping
Refreshing native plugins compatible for Editor in 0.49 ms, found 1 plugins.
Preloading 0 native plugins for Editor in 0.00 ms.
Unloading 1830 Unused Serialized files (Serialized files now loaded: 0)
System memory in use before: 92.7 MB.
System memory in use after: 92.7 MB.

Unloading 9 unused Assets to reduce memory usage. Loaded Objects now: 2406.
Total: 4.335800 ms (FindLiveObjects: 0.443600 ms CreateObjectMapping: 0.118400 ms MarkObjects: 3.533200 ms  DeleteObjects: 0.238700 ms)

========================================================================
Received Import Request.
  Time since last request: 403.689196 seconds.
  path: Assets/Sound/Level3NPC
  artifactKey: Guid(8dd0dd4b4c8242a4da983455007b2778) Importer(815301076,1909f56bfc062723c751e8b465ee728b)
Start importing Assets/Sound/Level3NPC using Guid(8dd0dd4b4c8242a4da983455007b2778) Importer(815301076,1909f56bfc062723c751e8b465ee728b)  -> (artifact id: 'dd5156d04f4c7b9f5a61d3fefeef957e') in 0.010756 seconds
  Import took 0.015109 seconds .

========================================================================
Received Import Request.
  Time since last request: 0.000744 seconds.
  path: Assets/Sound/Level3NPC
  artifactKey: Guid(8dd0dd4b4c8242a4da983455007b2778) Importer(815301076,1909f56bfc062723c751e8b465ee728b)
Start importing Assets/Sound/Level3NPC using Guid(8dd0dd4b4c8242a4da983455007b2778) Importer(815301076,1909f56bfc062723c751e8b465ee728b)  -> (artifact id: 'dd5156d04f4c7b9f5a61d3fefeef957e') in 0.002791 seconds
  Import took 0.007320 seconds .

========================================================================
Received Import Request.
  Time since last request: 6.975903 seconds.
  path: Assets/Scenes/Level3.unity
  artifactKey: Guid(cc397b522448afd4c89e47ef8685c06d) Importer(815301076,1909f56bfc062723c751e8b465ee728b)
Start importing Assets/Scenes/Level3.unity using Guid(cc397b522448afd4c89e47ef8685c06d) Importer(815301076,1909f56bfc062723c751e8b465ee728b)  -> (artifact id: '9b12327252af273a40fb511ff88f1e9d') in 0.010010 seconds
  Import took 0.014205 seconds .

========================================================================
Received Prepare
Registering precompiled user dll's ...
Registered in 0.001107 seconds.
Begin MonoManager ReloadAssembly
Native extension for WindowsStandalone target not found
Native extension for WebGL target not found
Refreshing native plugins compatible for Editor in 0.44 ms, found 1 plugins.
Preloading 0 native plugins for Editor in 0.00 ms.
Warning: Annotation not found!
UnityEngine.StackTraceUtility:ExtractStackTrace ()
UnityEditor.ProBuilder.EditorUtility:SetGizmoIconEnabled (System.Type,bool) (at Library/PackageCache/com.unity.probuilder@4.5.0/Editor/EditorCore/EditorUtility.cs:593)
UnityEditor.ProBuilder.HierarchyListener:.cctor () (at Library/PackageCache/com.unity.probuilder@4.5.0/Editor/EditorCore/HierarchyListener.cs:21)
System.Runtime.CompilerServices.RuntimeHelpers:RunClassConstructor (System.RuntimeTypeHandle)
UnityEditor.EditorAssemblies:ProcessInitializeOnLoadAttributes (System.Type[])

[Library/PackageCache/com.unity.probuilder@4.5.0/Editor/EditorCore/EditorUtility.cs line 593]

Invoked RoslynAnalysisRunner static constructor.
RoslynAnalysisRunner will not be running.
RoslynAnalysisRunner has terminated.
Mono: successfully reloaded assembly
- Completed reload, in  1.112 seconds
Platform modules already initialized, skipping
Refreshing native plugins compatible for Editor in 0.89 ms, found 1 plugins.
Preloading 0 native plugins for Editor in 0.00 ms.
Unloading 1830 Unused Serialized files (Serialized files now loaded: 0)
System memory in use before: 92.7 MB.
System memory in use after: 92.8 MB.

Unloading 9 unused Assets to reduce memory usage. Loaded Objects now: 2409.
Total: 2.998600 ms (FindLiveObjects: 0.321000 ms CreateObjectMapping: 0.086200 ms MarkObjects: 2.278600 ms  DeleteObjects: 0.311300 ms)

========================================================================
Received Prepare
Registering precompiled user dll's ...
Registered in 0.001357 seconds.
Begin MonoManager ReloadAssembly
Native extension for WindowsStandalone target not found
Native extension for WebGL target not found
Refreshing native plugins compatible for Editor in 0.45 ms, found 1 plugins.
Preloading 0 native plugins for Editor in 0.00 ms.
Warning: Annotation not found!
UnityEngine.StackTraceUtility:ExtractStackTrace ()
UnityEditor.ProBuilder.EditorUtility:SetGizmoIconEnabled (System.Type,bool) (at Library/PackageCache/com.unity.probuilder@4.5.0/Editor/EditorCore/EditorUtility.cs:593)
UnityEditor.ProBuilder.HierarchyListener:.cctor () (at Library/PackageCache/com.unity.probuilder@4.5.0/Editor/EditorCore/HierarchyListener.cs:21)
System.Runtime.CompilerServices.RuntimeHelpers:RunClassConstructor (System.RuntimeTypeHandle)
UnityEditor.EditorAssemblies:ProcessInitializeOnLoadAttributes (System.Type[])

[Library/PackageCache/com.unity.probuilder@4.5.0/Editor/EditorCore/EditorUtility.cs line 593]

Invoked RoslynAnalysisRunner static constructor.
RoslynAnalysisRunner will not be running.
RoslynAnalysisRunner has terminated.
Mono: successfully reloaded assembly
- Completed reload, in  1.085 seconds
Platform modules already initialized, skipping
Refreshing native plugins compatible for Editor in 0.74 ms, found 1 plugins.
Preloading 0 native plugins for Editor in 0.00 ms.
Unloading 1830 Unused Serialized files (Serialized files now loaded: 0)
System memory in use before: 92.7 MB.
System memory in use after: 92.8 MB.

Unloading 9 unused Assets to reduce memory usage. Loaded Objects now: 2412.
Total: 3.281000 ms (FindLiveObjects: 0.280400 ms CreateObjectMapping: 0.086300 ms MarkObjects: 2.713600 ms  DeleteObjects: 0.199200 ms)

========================================================================
Received Import Request.
  Time since last request: 354.423001 seconds.
  path: Assets/Sound/Level3NPC/audio (9).wav
  artifactKey: Guid(01b2ebc82e818684291d98d5bd145e70) Importer(815301076,1909f56bfc062723c751e8b465ee728b)
Start importing Assets/Sound/Level3NPC/audio (9).wav using Guid(01b2ebc82e818684291d98d5bd145e70) Importer(815301076,1909f56bfc062723c751e8b465ee728b)  -> (artifact id: '23ff1bf8aa8e1d070582819b48845c85') in 0.060651 seconds
  Import took 0.066286 seconds .

========================================================================
Received Import Request.
  Time since last request: 0.000350 seconds.
  path: Assets/Sound/Level3NPC/audio (10).wav
  artifactKey: Guid(19892d336417e2e4eb2c2acd2a2cbfea) Importer(815301076,1909f56bfc062723c751e8b465ee728b)
Start importing Assets/Sound/Level3NPC/audio (10).wav using Guid(19892d336417e2e4eb2c2acd2a2cbfea) Importer(815301076,1909f56bfc062723c751e8b465ee728b)  -> (artifact id: '16f2ca457057753831193435c408d73f') in 0.019337 seconds
  Import took 0.025409 seconds .

========================================================================
Received Import Request.
  Time since last request: 0.000340 seconds.
  path: Assets/Sound/Level3NPC/audio (11).wav
  artifactKey: Guid(0948b297353737d4d9e2bc60a188c262) Importer(815301076,1909f56bfc062723c751e8b465ee728b)
Start importing Assets/Sound/Level3NPC/audio (11).wav using Guid(0948b297353737d4d9e2bc60a188c262) Importer(815301076,1909f56bfc062723c751e8b465ee728b)  -> (artifact id: '5a4410f1af20b090690223e7f3a4c7a4') in 0.014835 seconds
  Import took 0.018595 seconds .

========================================================================
Received Import Request.
  Time since last request: 0.000348 seconds.
  path: Assets/Sound/Level3NPC/audio (13).wav
  artifactKey: Guid(7a5c858aa84b8aa40b2115cc3f0dc703) Importer(815301076,1909f56bfc062723c751e8b465ee728b)
Start importing Assets/Sound/Level3NPC/audio (13).wav using Guid(7a5c858aa84b8aa40b2115cc3f0dc703) Importer(815301076,1909f56bfc062723c751e8b465ee728b)  -> (artifact id: '959007de2a4a9ce7b0058012bf5b8cc0') in 0.015295 seconds
  Import took 0.019321 seconds .

========================================================================
Received Import Request.
  Time since last request: 0.000286 seconds.
  path: Assets/Sound/Level3NPC/audio (14).wav
  artifactKey: Guid(6b7f9703004527c4982b93a92117cd97) Importer(815301076,1909f56bfc062723c751e8b465ee728b)
Start importing Assets/Sound/Level3NPC/audio (14).wav using Guid(6b7f9703004527c4982b93a92117cd97) Importer(815301076,1909f56bfc062723c751e8b465ee728b)  -> (artifact id: '2deabed49adfc02dd4b31af9fc4075b5') in 0.015194 seconds
  Import took 0.021117 seconds .

========================================================================
Received Import Request.
  Time since last request: 0.000356 seconds.
  path: Assets/Sound/Level3NPC/audio (12).wav
  artifactKey: Guid(cba20ce5b631a2247b341e33c3601e38) Importer(815301076,1909f56bfc062723c751e8b465ee728b)
Start importing Assets/Sound/Level3NPC/audio (12).wav using Guid(cba20ce5b631a2247b341e33c3601e38) Importer(815301076,1909f56bfc062723c751e8b465ee728b)  -> (artifact id: '521d8f19b63fcd3f8e228f0b309e9b22') in 0.015914 seconds
  Import took 0.019754 seconds .

========================================================================
Received Import Request.
  Time since last request: 0.000356 seconds.
  path: Assets/Sound/Level3NPC/audio (15).wav
  artifactKey: Guid(e7013ff3ccb6f944ea0fd93e583a3255) Importer(815301076,1909f56bfc062723c751e8b465ee728b)
Start importing Assets/Sound/Level3NPC/audio (15).wav using Guid(e7013ff3ccb6f944ea0fd93e583a3255) Importer(815301076,1909f56bfc062723c751e8b465ee728b)  -> (artifact id: '5f21d95ddec26699a431013a77f1e538') in 0.013868 seconds
  Import took 0.017910 seconds .

========================================================================
Received Import Request.
  Time since last request: 0.000296 seconds.
  path: Assets/Sound/Level3NPC/audio (14).wav
  artifactKey: Guid(6b7f9703004527c4982b93a92117cd97) Importer(815301076,1909f56bfc062723c751e8b465ee728b)
Start importing Assets/Sound/Level3NPC/audio (14).wav using Guid(6b7f9703004527c4982b93a92117cd97) Importer(815301076,1909f56bfc062723c751e8b465ee728b)  -> (artifact id: '2deabed49adfc02dd4b31af9fc4075b5') in 0.008410 seconds
  Import took 0.013424 seconds .

========================================================================
Received Import Request.
  Time since last request: 258.193115 seconds.
  path: Assets/Sound/Level3NPC/LvlTH1.wav
  artifactKey: Guid(01b2ebc82e818684291d98d5bd145e70) Importer(815301076,1909f56bfc062723c751e8b465ee728b)
Start importing Assets/Sound/Level3NPC/LvlTH1.wav using Guid(01b2ebc82e818684291d98d5bd145e70) Importer(815301076,1909f56bfc062723c751e8b465ee728b)  -> (artifact id: 'cceb01f56169ca87064b0bd9ad2ffdf4') in 0.056042 seconds
  Import took 0.060161 seconds .

========================================================================
Received Import Request.
  Time since last request: 0.002224 seconds.
  path: Assets/Sound/Level3NPC/LvlTH1.wav
  artifactKey: Guid(01b2ebc82e818684291d98d5bd145e70) Importer(815301076,1909f56bfc062723c751e8b465ee728b)
Start importing Assets/Sound/Level3NPC/LvlTH1.wav using Guid(01b2ebc82e818684291d98d5bd145e70) Importer(815301076,1909f56bfc062723c751e8b465ee728b)  -> (artifact id: 'cceb01f56169ca87064b0bd9ad2ffdf4') in 0.009451 seconds
  Import took 0.014948 seconds .

========================================================================
Received Import Request.
  Time since last request: 11.864799 seconds.
  path: Assets/Sound/Level3NPC/LvlTH2.wav
  artifactKey: Guid(19892d336417e2e4eb2c2acd2a2cbfea) Importer(815301076,1909f56bfc062723c751e8b465ee728b)
Start importing Assets/Sound/Level3NPC/LvlTH2.wav using Guid(19892d336417e2e4eb2c2acd2a2cbfea) Importer(815301076,1909f56bfc062723c751e8b465ee728b)  -> (artifact id: 'd9318ad3722a4784c0c43422d187560c') in 0.049726 seconds
  Import took 0.053756 seconds .

========================================================================
Received Import Request.
  Time since last request: 0.001590 seconds.
  path: Assets/Sound/Level3NPC/LvlTH2.wav
  artifactKey: Guid(19892d336417e2e4eb2c2acd2a2cbfea) Importer(815301076,1909f56bfc062723c751e8b465ee728b)
Start importing Assets/Sound/Level3NPC/LvlTH2.wav using Guid(19892d336417e2e4eb2c2acd2a2cbfea) Importer(815301076,1909f56bfc062723c751e8b465ee728b)  -> (artifact id: 'd9318ad3722a4784c0c43422d187560c') in 0.007477 seconds
  Import took 0.012024 seconds .

========================================================================
Received Import Request.
  Time since last request: 8.199892 seconds.
  path: Assets/Sound/Level3NPC/LvlTH3.wav
  artifactKey: Guid(0948b297353737d4d9e2bc60a188c262) Importer(815301076,1909f56bfc062723c751e8b465ee728b)
Start importing Assets/Sound/Level3NPC/LvlTH3.wav using Guid(0948b297353737d4d9e2bc60a188c262) Importer(815301076,1909f56bfc062723c751e8b465ee728b)  -> (artifact id: '7bd156cbda4ab5bbb21e75b64a2d6bf3') in 0.061917 seconds
  Import took 0.065963 seconds .

========================================================================
Received Import Request.
  Time since last request: 0.005169 seconds.
  path: Assets/Sound/Level3NPC/LvlTH3.wav
  artifactKey: Guid(0948b297353737d4d9e2bc60a188c262) Importer(815301076,1909f56bfc062723c751e8b465ee728b)
Start importing Assets/Sound/Level3NPC/LvlTH3.wav using Guid(0948b297353737d4d9e2bc60a188c262) Importer(815301076,1909f56bfc062723c751e8b465ee728b)  -> (artifact id: '7bd156cbda4ab5bbb21e75b64a2d6bf3') in 0.006503 seconds
  Import took 0.011018 seconds .

========================================================================
Received Import Request.
  Time since last request: 7.909149 seconds.
  path: Assets/Sound/Level3NPC/LvlTH4.wav
  artifactKey: Guid(cba20ce5b631a2247b341e33c3601e38) Importer(815301076,1909f56bfc062723c751e8b465ee728b)
Start importing Assets/Sound/Level3NPC/LvlTH4.wav using Guid(cba20ce5b631a2247b341e33c3601e38) Importer(815301076,1909f56bfc062723c751e8b465ee728b)  -> (artifact id: 'c0ef0dca8234462a4ff0ba4616c78208') in 0.059522 seconds
  Import took 0.063949 seconds .

========================================================================
Received Import Request.
  Time since last request: 0.003169 seconds.
  path: Assets/Sound/Level3NPC/LvlTH4.wav
  artifactKey: Guid(cba20ce5b631a2247b341e33c3601e38) Importer(815301076,1909f56bfc062723c751e8b465ee728b)
Start importing Assets/Sound/Level3NPC/LvlTH4.wav using Guid(cba20ce5b631a2247b341e33c3601e38) Importer(815301076,1909f56bfc062723c751e8b465ee728b)  -> (artifact id: 'c0ef0dca8234462a4ff0ba4616c78208') in 0.014186 seconds
  Import took 0.019117 seconds .

========================================================================
Received Import Request.
  Time since last request: 13.797434 seconds.
  path: Assets/Sound/Level3NPC/LvlTH5.wav
  artifactKey: Guid(7a5c858aa84b8aa40b2115cc3f0dc703) Importer(815301076,1909f56bfc062723c751e8b465ee728b)
Start importing Assets/Sound/Level3NPC/LvlTH5.wav using Guid(7a5c858aa84b8aa40b2115cc3f0dc703) Importer(815301076,1909f56bfc062723c751e8b465ee728b)  -> (artifact id: '560aac53363f7d8a5216c476debb4027') in 0.017896 seconds
  Import took 0.023241 seconds .

========================================================================
Received Import Request.
  Time since last request: 0.004236 seconds.
  path: Assets/Sound/Level3NPC/LvlTH5.wav
  artifactKey: Guid(7a5c858aa84b8aa40b2115cc3f0dc703) Importer(815301076,1909f56bfc062723c751e8b465ee728b)
Start importing Assets/Sound/Level3NPC/LvlTH5.wav using Guid(7a5c858aa84b8aa40b2115cc3f0dc703) Importer(815301076,1909f56bfc062723c751e8b465ee728b)  -> (artifact id: '560aac53363f7d8a5216c476debb4027') in 0.045833 seconds
  Import took 0.049893 seconds .

========================================================================
Received Import Request.
  Time since last request: 9.779022 seconds.
  path: Assets/Sound/Level3NPC/LvlTH6.wav
  artifactKey: Guid(6b7f9703004527c4982b93a92117cd97) Importer(815301076,1909f56bfc062723c751e8b465ee728b)
Start importing Assets/Sound/Level3NPC/LvlTH6.wav using Guid(6b7f9703004527c4982b93a92117cd97) Importer(815301076,1909f56bfc062723c751e8b465ee728b)  -> (artifact id: '1fac3529870cb4f17f35da8f49bfd4f1') in 0.033077 seconds
  Import took 0.038287 seconds .

========================================================================
Received Import Request.
  Time since last request: 0.001401 seconds.
  path: Assets/Sound/Level3NPC/LvlTH6.wav
  artifactKey: Guid(6b7f9703004527c4982b93a92117cd97) Importer(815301076,1909f56bfc062723c751e8b465ee728b)
Start importing Assets/Sound/Level3NPC/LvlTH6.wav using Guid(6b7f9703004527c4982b93a92117cd97) Importer(815301076,1909f56bfc062723c751e8b465ee728b)  -> (artifact id: '1fac3529870cb4f17f35da8f49bfd4f1') in 0.007592 seconds
  Import took 0.011666 seconds .

========================================================================
Received Import Request.
  Time since last request: 9.128530 seconds.
  path: Assets/Sound/Level3NPC/LvlTH7.wav
  artifactKey: Guid(e7013ff3ccb6f944ea0fd93e583a3255) Importer(815301076,1909f56bfc062723c751e8b465ee728b)
Start importing Assets/Sound/Level3NPC/LvlTH7.wav using Guid(e7013ff3ccb6f944ea0fd93e583a3255) Importer(815301076,1909f56bfc062723c751e8b465ee728b)  -> (artifact id: 'bfce911e91ef9c30f655793d21fc4b0f') in 0.058448 seconds
  Import took 0.063196 seconds .

========================================================================
Received Prepare
Registering precompiled user dll's ...
Registered in 0.001114 seconds.
Begin MonoManager ReloadAssembly
Native extension for WindowsStandalone target not found
Native extension for WebGL target not found
Refreshing native plugins compatible for Editor in 0.55 ms, found 1 plugins.
Preloading 0 native plugins for Editor in 0.00 ms.
Warning: Annotation not found!
UnityEngine.StackTraceUtility:ExtractStackTrace ()
UnityEditor.ProBuilder.EditorUtility:SetGizmoIconEnabled (System.Type,bool) (at Library/PackageCache/com.unity.probuilder@4.5.0/Editor/EditorCore/EditorUtility.cs:593)
UnityEditor.ProBuilder.HierarchyListener:.cctor () (at Library/PackageCache/com.unity.probuilder@4.5.0/Editor/EditorCore/HierarchyListener.cs:21)
System.Runtime.CompilerServices.RuntimeHelpers:RunClassConstructor (System.RuntimeTypeHandle)
UnityEditor.EditorAssemblies:ProcessInitializeOnLoadAttributes (System.Type[])

[Library/PackageCache/com.unity.probuilder@4.5.0/Editor/EditorCore/EditorUtility.cs line 593]

Invoked RoslynAnalysisRunner static constructor.
RoslynAnalysisRunner will not be running.
RoslynAnalysisRunner has terminated.
Mono: successfully reloaded assembly
- Completed reload, in  1.084 seconds
Platform modules already initialized, skipping
Refreshing native plugins compatible for Editor in 0.47 ms, found 1 plugins.
Preloading 0 native plugins for Editor in 0.00 ms.
Unloading 1830 Unused Serialized files (Serialized files now loaded: 0)
System memory in use before: 92.7 MB.
System memory in use after: 92.8 MB.

Unloading 9 unused Assets to reduce memory usage. Loaded Objects now: 2416.
Total: 3.471500 ms (FindLiveObjects: 0.623100 ms CreateObjectMapping: 0.183500 ms MarkObjects: 2.436500 ms  DeleteObjects: 0.226800 ms)

========================================================================
Received Import Request.
  Time since last request: 363.439056 seconds.
  path: Assets/Scenes/Level2.unity
  artifactKey: Guid(9d80908d98bc4b44990145244bf91a88) Importer(815301076,1909f56bfc062723c751e8b465ee728b)
Start importing Assets/Scenes/Level2.unity using Guid(9d80908d98bc4b44990145244bf91a88) Importer(815301076,1909f56bfc062723c751e8b465ee728b)  -> (artifact id: 'c40745c32fb0b4f948fcbeb5bf0126aa') in 0.016922 seconds
  Import took 0.022765 seconds .

========================================================================
Received Prepare
Registering precompiled user dll's ...
Registered in 0.001094 seconds.
Begin MonoManager ReloadAssembly
Native extension for WindowsStandalone target not found
Native extension for WebGL target not found
Refreshing native plugins compatible for Editor in 0.45 ms, found 1 plugins.
Preloading 0 native plugins for Editor in 0.00 ms.
Warning: Annotation not found!
UnityEngine.StackTraceUtility:ExtractStackTrace ()
UnityEditor.ProBuilder.EditorUtility:SetGizmoIconEnabled (System.Type,bool) (at Library/PackageCache/com.unity.probuilder@4.5.0/Editor/EditorCore/EditorUtility.cs:593)
UnityEditor.ProBuilder.HierarchyListener:.cctor () (at Library/PackageCache/com.unity.probuilder@4.5.0/Editor/EditorCore/HierarchyListener.cs:21)
System.Runtime.CompilerServices.RuntimeHelpers:RunClassConstructor (System.RuntimeTypeHandle)
UnityEditor.EditorAssemblies:ProcessInitializeOnLoadAttributes (System.Type[])

[Library/PackageCache/com.unity.probuilder@4.5.0/Editor/EditorCore/EditorUtility.cs line 593]

Invoked RoslynAnalysisRunner static constructor.
RoslynAnalysisRunner will not be running.
RoslynAnalysisRunner has terminated.
Mono: successfully reloaded assembly
- Completed reload, in  1.067 seconds
Platform modules already initialized, skipping
Refreshing native plugins compatible for Editor in 0.55 ms, found 1 plugins.
Preloading 0 native plugins for Editor in 0.00 ms.
Unloading 1830 Unused Serialized files (Serialized files now loaded: 0)
System memory in use before: 92.7 MB.
System memory in use after: 92.8 MB.

Unloading 9 unused Assets to reduce memory usage. Loaded Objects now: 2419.
Total: 3.754900 ms (FindLiveObjects: 0.283000 ms CreateObjectMapping: 0.091700 ms MarkObjects: 3.178500 ms  DeleteObjects: 0.200000 ms)

========================================================================
Received Prepare
Registering precompiled user dll's ...
Registered in 0.002593 seconds.
Begin MonoManager ReloadAssembly
Native extension for WindowsStandalone target not found
Native extension for WebGL target not found
Refreshing native plugins compatible for Editor in 0.44 ms, found 1 plugins.
Preloading 0 native plugins for Editor in 0.00 ms.
Warning: Annotation not found!
UnityEngine.StackTraceUtility:ExtractStackTrace ()
UnityEditor.ProBuilder.EditorUtility:SetGizmoIconEnabled (System.Type,bool) (at Library/PackageCache/com.unity.probuilder@4.5.0/Editor/EditorCore/EditorUtility.cs:593)
UnityEditor.ProBuilder.HierarchyListener:.cctor () (at Library/PackageCache/com.unity.probuilder@4.5.0/Editor/EditorCore/HierarchyListener.cs:21)
System.Runtime.CompilerServices.RuntimeHelpers:RunClassConstructor (System.RuntimeTypeHandle)
UnityEditor.EditorAssemblies:ProcessInitializeOnLoadAttributes (System.Type[])

[Library/PackageCache/com.unity.probuilder@4.5.0/Editor/EditorCore/EditorUtility.cs line 593]

Invoked RoslynAnalysisRunner static constructor.
RoslynAnalysisRunner will not be running.
RoslynAnalysisRunner has terminated.
Mono: successfully reloaded assembly
- Completed reload, in  1.162 seconds
Platform modules already initialized, skipping
Refreshing native plugins compatible for Editor in 0.47 ms, found 1 plugins.
Preloading 0 native plugins for Editor in 0.00 ms.
Unloading 1830 Unused Serialized files (Serialized files now loaded: 0)
System memory in use before: 92.7 MB.
System memory in use after: 92.8 MB.

Unloading 9 unused Assets to reduce memory usage. Loaded Objects now: 2422.
Total: 3.304400 ms (FindLiveObjects: 0.256300 ms CreateObjectMapping: 0.132200 ms MarkObjects: 2.722700 ms  DeleteObjects: 0.191900 ms)

========================================================================
Received Prepare
Registering precompiled user dll's ...
Registered in 0.001140 seconds.
Begin MonoManager ReloadAssembly
Native extension for WindowsStandalone target not found
Native extension for WebGL target not found
Refreshing native plugins compatible for Editor in 0.42 ms, found 1 plugins.
Preloading 0 native plugins for Editor in 0.00 ms.
Warning: Annotation not found!
UnityEngine.StackTraceUtility:ExtractStackTrace ()
UnityEditor.ProBuilder.EditorUtility:SetGizmoIconEnabled (System.Type,bool) (at Library/PackageCache/com.unity.probuilder@4.5.0/Editor/EditorCore/EditorUtility.cs:593)
UnityEditor.ProBuilder.HierarchyListener:.cctor () (at Library/PackageCache/com.unity.probuilder@4.5.0/Editor/EditorCore/HierarchyListener.cs:21)
System.Runtime.CompilerServices.RuntimeHelpers:RunClassConstructor (System.RuntimeTypeHandle)
UnityEditor.EditorAssemblies:ProcessInitializeOnLoadAttributes (System.Type[])

[Library/PackageCache/com.unity.probuilder@4.5.0/Editor/EditorCore/EditorUtility.cs line 593]

Invoked RoslynAnalysisRunner static constructor.
RoslynAnalysisRunner will not be running.
RoslynAnalysisRunner has terminated.
Mono: successfully reloaded assembly
- Completed reload, in  1.090 seconds
Platform modules already initialized, skipping
Refreshing native plugins compatible for Editor in 0.69 ms, found 1 plugins.
Preloading 0 native plugins for Editor in 0.00 ms.
Unloading 1830 Unused Serialized files (Serialized files now loaded: 0)
System memory in use before: 92.7 MB.
System memory in use after: 92.8 MB.

Unloading 9 unused Assets to reduce memory usage. Loaded Objects now: 2425.
Total: 2.788900 ms (FindLiveObjects: 0.232100 ms CreateObjectMapping: 0.082200 ms MarkObjects: 2.295300 ms  DeleteObjects: 0.178100 ms)

========================================================================
Received Prepare
Registering precompiled user dll's ...
Registered in 0.001047 seconds.
Begin MonoManager ReloadAssembly
Native extension for WindowsStandalone target not found
Native extension for WebGL target not found
Refreshing native plugins compatible for Editor in 0.89 ms, found 1 plugins.
Preloading 0 native plugins for Editor in 0.00 ms.
Warning: Annotation not found!
UnityEngine.StackTraceUtility:ExtractStackTrace ()
UnityEditor.ProBuilder.EditorUtility:SetGizmoIconEnabled (System.Type,bool) (at Library/PackageCache/com.unity.probuilder@4.5.0/Editor/EditorCore/EditorUtility.cs:593)
UnityEditor.ProBuilder.HierarchyListener:.cctor () (at Library/PackageCache/com.unity.probuilder@4.5.0/Editor/EditorCore/HierarchyListener.cs:21)
System.Runtime.CompilerServices.RuntimeHelpers:RunClassConstructor (System.RuntimeTypeHandle)
UnityEditor.EditorAssemblies:ProcessInitializeOnLoadAttributes (System.Type[])

[Library/PackageCache/com.unity.probuilder@4.5.0/Editor/EditorCore/EditorUtility.cs line 593]

Invoked RoslynAnalysisRunner static constructor.
RoslynAnalysisRunner will not be running.
RoslynAnalysisRunner has terminated.
Mono: successfully reloaded assembly
- Completed reload, in  1.066 seconds
Platform modules already initialized, skipping
Refreshing native plugins compatible for Editor in 1.56 ms, found 1 plugins.
Preloading 0 native plugins for Editor in 0.00 ms.
Unloading 1830 Unused Serialized files (Serialized files now loaded: 0)
System memory in use before: 92.7 MB.
System memory in use after: 92.8 MB.

Unloading 9 unused Assets to reduce memory usage. Loaded Objects now: 2428.
Total: 2.911400 ms (FindLiveObjects: 0.241600 ms CreateObjectMapping: 0.131100 ms MarkObjects: 2.323600 ms  DeleteObjects: 0.190900 ms)

========================================================================
Received Import Request.
  Time since last request: 1491.386989 seconds.
  path: Assets/Sound/Player/yldz_02 (1).wav
  artifactKey: Guid(544295a3d0c6c7e49a5f8555a47281ba) Importer(815301076,1909f56bfc062723c751e8b465ee728b)
Start importing Assets/Sound/Player/yldz_02 (1).wav using Guid(544295a3d0c6c7e49a5f8555a47281ba) Importer(815301076,1909f56bfc062723c751e8b465ee728b)  -> (artifact id: 'ac709f315a1e104d0f9aaeebaf646bcc') in 0.056715 seconds
  Import took 0.061844 seconds .

AssetImportWorkerClient::OnTransportError - code=2 error=End of file
